<?xml version="1.0" encoding="UTF-8"?>
<testsuite xmlns:xsi="http://www.w3.org/2001/XMLSchema-instance" xsi:noNamespaceSchemaLocation="https://maven.apache.org/surefire/maven-surefire-plugin/xsd/surefire-test-report.xsd" name="TestSuite" time="133.227" tests="6" errors="0" skipped="0" failures="0">
  <properties>
[...]
</properties>
  <testcase name="runScenario" classname="TestRunner.TestRunnerClass" time="25.098"/>
  <testcase name="runScenario" classname="TestRunner.TestRunnerClass" time="18.939"/>
  <testcase name="runScenario" classname="TestRunner.TestRunnerClass" time="19.304"/>
  <testcase name="runScenario" classname="TestRunner.TestRunner2" time="19.781"/>
  <testcase name="runScenario" classname="TestRunner.TestRunner2" time="22.038"/>
  <testcase name="runScenario" classname="TestRunner.TestRunner2" time="19.211"/>
</testsuite>