<?xml version="1.0" encoding="UTF-8"?>
<testng-results ignored="0" total="3" passed="3" failed="0" skipped="0">
  <reporter-output>
  </reporter-output>
  <suite started-at="2022-07-21T21:44:52 IST" name="Default suite" finished-at="2022-07-21T21:45:50 IST" duration-ms="57815">
    <groups>
      <group name="cucumber">
        <method signature="AbstractTestNGCucumberTests.runScenario(io.cucumber.testng.PickleWrapper, io.cucumber.testng.FeatureWrapper)[pri:0, instance:TestRunner.TestRunnerClass@7c974942]" name="runScenario" class="io.cucumber.testng.AbstractTestNGCucumberTests"/>
      </group> <!-- cucumber -->
    </groups>
    <test started-at="2022-07-21T21:44:52 IST" name="Default test" finished-at="2022-07-21T21:45:50 IST" duration-ms="57815">
      <class name="TestRunner.TestRunnerClass">
        <test-method is-config="true" signature="setUpClass()[pri:0, instance:TestRunner.TestRunnerClass@7c974942]" started-at="2022-07-21T21:44:52 IST" name="setUpClass" finished-at="2022-07-21T21:44:53 IST" duration-ms="898" status="PASS">
          <reporter-output>
          </reporter-output>
        </test-method> <!-- setUpClass -->
        <test-method signature="runScenario(io.cucumber.testng.PickleWrapper, io.cucumber.testng.FeatureWrapper)[pri:0, instance:TestRunner.TestRunnerClass@7c974942]" started-at="2022-07-21T21:44:53 IST" name="runScenario" description="Runs Cucumber Scenarios" data-provider="scenarios" finished-at="2022-07-21T21:45:10 IST" duration-ms="17356" status="PASS">
          <params>
            <param index="0">
              <value>
                <![CDATA["user wants to check the functionality of the url"]]>
              </value>
            </param>
            <param index="1">
              <value>
                <![CDATA["Multiple Test Cases"]]>
              </value>
            </param>
          </params>
          <reporter-output>
          </reporter-output>
        </test-method> <!-- runScenario -->
        <test-method signature="runScenario(io.cucumber.testng.PickleWrapper, io.cucumber.testng.FeatureWrapper)[pri:0, instance:TestRunner.TestRunnerClass@7c974942]" started-at="2022-07-21T21:45:10 IST" name="runScenario" description="Runs Cucumber Scenarios" data-provider="scenarios" finished-at="2022-07-21T21:45:31 IST" duration-ms="20445" status="PASS">
          <params>
            <param index="0">
              <value>
                <![CDATA["User wants to search a term on Google search"]]>
              </value>
            </param>
            <param index="1">
              <value>
                <![CDATA["Multiple Test Cases"]]>
              </value>
            </param>
          </params>
          <reporter-output>
          </reporter-output>
        </test-method> <!-- runScenario -->
        <test-method signature="runScenario(io.cucumber.testng.PickleWrapper, io.cucumber.testng.FeatureWrapper)[pri:0, instance:TestRunner.TestRunnerClass@7c974942]" started-at="2022-07-21T21:45:31 IST" name="runScenario" description="Runs Cucumber Scenarios" data-provider="scenarios" finished-at="2022-07-21T21:45:49 IST" duration-ms="18375" status="PASS">
          <params>
            <param index="0">
              <value>
                <![CDATA["User wants to search a term on Google search"]]>
              </value>
            </param>
            <param index="1">
              <value>
                <![CDATA["Multiple Test Cases"]]>
              </value>
            </param>
          </params>
          <reporter-output>
          </reporter-output>
        </test-method> <!-- runScenario -->
        <test-method is-config="true" signature="tearDownClass()[pri:0, instance:TestRunner.TestRunnerClass@7c974942]" started-at="2022-07-21T21:45:49 IST" name="tearDownClass" finished-at="2022-07-21T21:45:50 IST" duration-ms="364" status="PASS">
          <reporter-output>
          </reporter-output>
        </test-method> <!-- tearDownClass -->
      </class> <!-- TestRunner.TestRunnerClass -->
    </test> <!-- Default test -->
  </suite> <!-- Default suite -->
</testng-results>
